TN:
SF:lib\features\profile\data\models\address_model.dart
FNF:0
FNH:0
DA:12,7
DA:18,6
DA:22,6
DA:23,6
DA:25,2
LF:5
LH:5
end_of_record
TN:
SF:lib\features\profile\data\models\company_model.dart
FNF:0
FNH:0
DA:9,7
DA:15,6
DA:16,6
DA:18,2
LF:4
LH:4
end_of_record
TN:
SF:lib\features\profile\data\models\geo_model.dart
FNF:0
FNH:0
DA:9,7
DA:14,0
DA:15,0
DA:16,0
DA:17,0
DA:21,6
DA:22,6
DA:24,2
LF:8
LH:4
end_of_record
TN:
SF:lib\features\profile\data\models\user_model.dart
FNF:0
FNH:0
DA:16,7
DA:25,6
DA:30,6
DA:31,6
DA:33,2
LF:5
LH:5
end_of_record
TN:
SF:lib\features\profile\data\repository\user_repo_impl.dart
FNF:0
FNH:0
DA:13,1
DA:15,1
DA:18,2
DA:19,3
DA:20,2
DA:21,1
DA:27,2
DA:28,3
LF:8
LH:8
end_of_record
TN:
SF:lib\features\profile\domain\entities\address.dart
FNF:0
FNH:0
DA:11,7
DA:19,2
DA:20,12
LF:3
LH:3
end_of_record
TN:
SF:lib\features\profile\domain\entities\company.dart
FNF:0
FNH:0
DA:8,7
DA:14,2
DA:15,8
LF:3
LH:3
end_of_record
TN:
SF:lib\features\profile\domain\entities\geo.dart
FNF:0
FNH:0
DA:7,7
DA:12,2
DA:13,6
LF:3
LH:3
end_of_record
TN:
SF:lib\features\profile\domain\entities\user.dart
FNF:0
FNH:0
DA:16,7
DA:27,2
DA:28,2
DA:29,2
DA:30,2
DA:31,2
DA:32,2
DA:33,2
DA:34,2
DA:35,2
DA:36,2
LF:11
LH:11
end_of_record
TN:
SF:lib\features\profile\domain\usecases\get_users.dart
FNF:0
FNH:0
DA:10,1
DA:12,3
LF:2
LH:2
end_of_record
TN:
SF:lib\features\profile\presentation\bloc\users\users_bloc.dart
FNF:0
FNH:0
DA:12,2
DA:13,2
DA:16,1
DA:17,2
DA:18,2
DA:20,4
DA:21,3
LF:7
LH:7
end_of_record
TN:
SF:lib\features\profile\presentation\bloc\users\users_event.dart
FNF:0
FNH:0
DA:4,1
DA:6,0
DA:7,0
DA:11,1
LF:4
LH:2
end_of_record
TN:
SF:lib\features\profile\presentation\bloc\users\users_state.dart
FNF:0
FNH:0
DA:4,3
DA:6,1
DA:7,1
DA:15,3
DA:17,1
DA:18,2
DA:24,1
LF:7
LH:7
end_of_record
